<?xml version="1.0" encoding="UTF-8"?>
<!-- Generated by org.testng.reporters.JUnitReportReporter -->
<testsuite skipped="1" hostname="slearn-xbt" name="test.LoginTest" tests="2" failures="0" timestamp="2021-07-03T14:41:08 MYT" time="0.748" errors="0">
  <testcase name="Login" time="0.748" classname="test.LoginTest"/>
  <system-out/>
  <testcase name="LoginTestcase2" classname="test.LoginTest">
    <skipped/>
  </testcase> <!-- LoginTestcase2 -->
  <system-out/>
</testsuite> <!-- test.LoginTest -->
