<?xml version="1.0" encoding="UTF-8"?>
<!-- Generated by org.testng.reporters.JUnitReportReporter -->
<testsuite skipped="1" hostname="slearn-xbt" name="test.ProductSelectionTest" tests="3" failures="0" timestamp="2021-06-27T18:48:47 MYT" time="0.418" errors="0">
  <testcase name="testcase2" time="0.211" classname="test.ProductSelectionTest"/>
  <system-out/>
  <testcase name="testcase1b" time="0.207" classname="test.ProductSelectionTest"/>
  <system-out/>
  <testcase name="testcase1a" classname="test.ProductSelectionTest">
    <skipped/>
  </testcase> <!-- testcase1a -->
  <system-out/>
</testsuite> <!-- test.ProductSelectionTest -->
